2013/09/29 16:48:37 [error] [exception.CHttpException.404] exception 'CHttpException' with message 'The system is unable to find the requested action "gii".' in /home/polysciadmin/politicalsimplicity.com/public/yii_framework/framework/web/CController.php:483
Stack trace:
#0 /home/polysciadmin/politicalsimplicity.com/public/yii_framework/framework/web/CController.php(270): CController->missingAction('gii')
#1 /home/polysciadmin/politicalsimplicity.com/public/yii_framework/framework/web/CWebApplication.php(282): CController->run('gii')
#2 /home/polysciadmin/politicalsimplicity.com/public/yii_framework/framework/web/CWebApplication.php(141): CWebApplication->runController('site/gii')
#3 /home/polysciadmin/politicalsimplicity.com/public/yii_framework/framework/base/CApplication.php(180): CWebApplication->processRequest()
#4 /home/polysciadmin/politicalsimplicity.com/public/research/index.php(13): CApplication->run()
#5 {main}
REQUEST_URI=/research/index.php?r=site/gii
---
2013/09/29 16:48:55 [error] [exception.CDbException] exception 'CDbException' with message 'CDbConnection failed to open the DB connection: SQLSTATE[42000] [1044] Access denied for user 'gcs278'@'173.236.128.0/255.255.128.0' to database 'polticalsimplicity_candidates'' in /home/polysciadmin/politicalsimplicity.com/public/yii_framework/framework/db/CDbConnection.php:382
Stack trace:
#0 /home/polysciadmin/politicalsimplicity.com/public/yii_framework/framework/db/CDbConnection.php(330): CDbConnection->open()
#1 /home/polysciadmin/politicalsimplicity.com/public/yii_framework/framework/db/CDbConnection.php(308): CDbConnection->setActive(true)
#2 /home/polysciadmin/politicalsimplicity.com/public/yii_framework/framework/base/CModule.php(387): CDbConnection->init()
#3 /home/polysciadmin/politicalsimplicity.com/public/yii_framework/framework/base/CModule.php(103): CModule->getComponent('db')
#4 /home/polysciadmin/politicalsimplicity.com/public/yii_framework/framework/gii/generators/model/ModelCode.php(60): CModule->__get('db')
#5 /home/polysciadmin/politicalsimplicity.com/public/yii_framework/framework/web/CFormModel.php(39): ModelCode->init()
#6 /home/polysciadmin/politicalsimplicity.com/public/yii_framework/framework/gii/CCodeGenerator.php(153): CFormModel->__construct()
#7 /home/polysciadmin/politicalsimplicity.com/public/yii_framework/framework/gii/CCodeGenerator.php(63): CCodeGenerator->prepare()
#8 /home/polysciadmin/politicalsimplicity.com/public/yii_framework/framework/web/actions/CInlineAction.php(49): CCodeGenerator->actionIndex()
#9 /home/polysciadmin/politicalsimplicity.com/public/yii_framework/framework/web/CController.php(308): CInlineAction->runWithParams(Array)
#10 /home/polysciadmin/politicalsimplicity.com/public/yii_framework/framework/web/CController.php(286): CController->runAction(Object(CInlineAction))
#11 /home/polysciadmin/politicalsimplicity.com/public/yii_framework/framework/web/CController.php(265): CController->runActionWithFilters(Object(CInlineAction), Array)
#12 /home/polysciadmin/politicalsimplicity.com/public/yii_framework/framework/web/CWebApplication.php(282): CController->run('index')
#13 /home/polysciadmin/politicalsimplicity.com/public/yii_framework/framework/web/CWebApplication.php(141): CWebApplication->runController('gii/model/index')
#14 /home/polysciadmin/politicalsimplicity.com/public/yii_framework/framework/base/CApplication.php(180): CWebApplication->processRequest()
#15 /home/polysciadmin/politicalsimplicity.com/public/research/index.php(13): CApplication->run()
#16 {main}
REQUEST_URI=/research/index.php?r=gii/model/index
HTTP_REFERER=http://www.politicalsimplicity.com/research/index.php?r=gii
---
2013/09/29 16:49:07 [error] [exception.CDbException] exception 'CDbException' with message 'CDbConnection failed to open the DB connection: SQLSTATE[42000] [1044] Access denied for user 'gcs278'@'173.236.128.0/255.255.128.0' to database 'polticalsimplicity_candidates'' in /home/polysciadmin/politicalsimplicity.com/public/yii_framework/framework/db/CDbConnection.php:382
Stack trace:
#0 /home/polysciadmin/politicalsimplicity.com/public/yii_framework/framework/db/CDbConnection.php(330): CDbConnection->open()
#1 /home/polysciadmin/politicalsimplicity.com/public/yii_framework/framework/db/CDbConnection.php(308): CDbConnection->setActive(true)
#2 /home/polysciadmin/politicalsimplicity.com/public/yii_framework/framework/base/CModule.php(387): CDbConnection->init()
#3 /home/polysciadmin/politicalsimplicity.com/public/yii_framework/framework/base/CModule.php(103): CModule->getComponent('db')
#4 /home/polysciadmin/politicalsimplicity.com/public/yii_framework/framework/gii/generators/model/ModelCode.php(60): CModule->__get('db')
#5 /home/polysciadmin/politicalsimplicity.com/public/yii_framework/framework/web/CFormModel.php(39): ModelCode->init()
#6 /home/polysciadmin/politicalsimplicity.com/public/yii_framework/framework/gii/CCodeGenerator.php(153): CFormModel->__construct()
#7 /home/polysciadmin/politicalsimplicity.com/public/yii_framework/framework/gii/CCodeGenerator.php(63): CCodeGenerator->prepare()
#8 /home/polysciadmin/politicalsimplicity.com/public/yii_framework/framework/web/actions/CInlineAction.php(49): CCodeGenerator->actionIndex()
#9 /home/polysciadmin/politicalsimplicity.com/public/yii_framework/framework/web/CController.php(308): CInlineAction->runWithParams(Array)
#10 /home/polysciadmin/politicalsimplicity.com/public/yii_framework/framework/web/CController.php(286): CController->runAction(Object(CInlineAction))
#11 /home/polysciadmin/politicalsimplicity.com/public/yii_framework/framework/web/CController.php(265): CController->runActionWithFilters(Object(CInlineAction), Array)
#12 /home/polysciadmin/politicalsimplicity.com/public/yii_framework/framework/web/CWebApplication.php(282): CController->run('index')
#13 /home/polysciadmin/politicalsimplicity.com/public/yii_framework/framework/web/CWebApplication.php(141): CWebApplication->runController('gii/model/index')
#14 /home/polysciadmin/politicalsimplicity.com/public/yii_framework/framework/base/CApplication.php(180): CWebApplication->processRequest()
#15 /home/polysciadmin/politicalsimplicity.com/public/research/index.php(13): CApplication->run()
#16 {main}
REQUEST_URI=/research/index.php?r=gii/model/index
HTTP_REFERER=http://www.politicalsimplicity.com/research/index.php?r=gii/default/index
---
2013/09/29 17:18:17 [error] [php] include(User.php) [<a href='function.include'>function.include</a>]: failed to open stream: No such file or directory (/home/polysciadmin/politicalsimplicity.com/public/yii_framework/framework/YiiBase.php:427)
Stack trace:
#0 /home/polysciadmin/politicalsimplicity.com/public/research/protected/models/LoginForm.php(51): spl_autoload_call()
#1 /home/polysciadmin/politicalsimplicity.com/public/yii_framework/framework/validators/CInlineValidator.php(42): LoginForm->authenticate()
#2 /home/polysciadmin/politicalsimplicity.com/public/yii_framework/framework/validators/CValidator.php(213): CInlineValidator->validateAttribute()
#3 /home/polysciadmin/politicalsimplicity.com/public/yii_framework/framework/base/CModel.php(159): CInlineValidator->validate()
#4 /home/polysciadmin/politicalsimplicity.com/public/research/protected/controllers/SiteController.php(94): LoginForm->validate()
#5 /home/polysciadmin/politicalsimplicity.com/public/yii_framework/framework/web/actions/CInlineAction.php(49): SiteController->actionLogin()
#6 /home/polysciadmin/politicalsimplicity.com/public/yii_framework/framework/web/CController.php(308): CInlineAction->runWithParams()
#7 /home/polysciadmin/politicalsimplicity.com/public/yii_framework/framework/web/CController.php(286): SiteController->runAction()
#8 /home/polysciadmin/politicalsimplicity.com/public/yii_framework/framework/web/CController.php(265): SiteController->runActionWithFilters()
#9 /home/polysciadmin/politicalsimplicity.com/public/yii_framework/framework/web/CWebApplication.php(282): SiteController->run()
#10 /home/polysciadmin/politicalsimplicity.com/public/yii_framework/framework/web/CWebApplication.php(141): CWebApplication->runController()
#11 /home/polysciadmin/politicalsimplicity.com/public/yii_framework/framework/base/CApplication.php(180): CWebApplication->processRequest()
#12 /home/polysciadmin/politicalsimplicity.com/public/research/index.php(13): CWebApplication->run()
REQUEST_URI=/research/index.php?r=site/login
in /home/polysciadmin/politicalsimplicity.com/public/research/protected/models/LoginForm.php (51)
in /home/polysciadmin/politicalsimplicity.com/public/research/protected/controllers/SiteController.php (94)
in /home/polysciadmin/politicalsimplicity.com/public/research/index.php (13)
2013/09/29 17:21:27 [error] [php] include(User.php) [<a href='function.include'>function.include</a>]: failed to open stream: No such file or directory (/home/polysciadmin/politicalsimplicity.com/public/yii_framework/framework/YiiBase.php:427)
Stack trace:
#0 /home/polysciadmin/politicalsimplicity.com/public/research/protected/models/LoginForm.php(51): spl_autoload_call()
#1 /home/polysciadmin/politicalsimplicity.com/public/yii_framework/framework/validators/CInlineValidator.php(42): LoginForm->authenticate()
#2 /home/polysciadmin/politicalsimplicity.com/public/yii_framework/framework/validators/CValidator.php(213): CInlineValidator->validateAttribute()
#3 /home/polysciadmin/politicalsimplicity.com/public/yii_framework/framework/base/CModel.php(159): CInlineValidator->validate()
#4 /home/polysciadmin/politicalsimplicity.com/public/research/protected/controllers/SiteController.php(94): LoginForm->validate()
#5 /home/polysciadmin/politicalsimplicity.com/public/yii_framework/framework/web/actions/CInlineAction.php(49): SiteController->actionLogin()
#6 /home/polysciadmin/politicalsimplicity.com/public/yii_framework/framework/web/CController.php(308): CInlineAction->runWithParams()
#7 /home/polysciadmin/politicalsimplicity.com/public/yii_framework/framework/web/CController.php(286): SiteController->runAction()
#8 /home/polysciadmin/politicalsimplicity.com/public/yii_framework/framework/web/CController.php(265): SiteController->runActionWithFilters()
#9 /home/polysciadmin/politicalsimplicity.com/public/yii_framework/framework/web/CWebApplication.php(282): SiteController->run()
#10 /home/polysciadmin/politicalsimplicity.com/public/yii_framework/framework/web/CWebApplication.php(141): CWebApplication->runController()
#11 /home/polysciadmin/politicalsimplicity.com/public/yii_framework/framework/base/CApplication.php(180): CWebApplication->processRequest()
#12 /home/polysciadmin/politicalsimplicity.com/public/research/index.php(13): CWebApplication->run()
REQUEST_URI=/research/index.php?r=site/login
in /home/polysciadmin/politicalsimplicity.com/public/research/protected/models/LoginForm.php (51)
in /home/polysciadmin/politicalsimplicity.com/public/research/protected/controllers/SiteController.php (94)
in /home/polysciadmin/politicalsimplicity.com/public/research/index.php (13)
2013/09/29 17:53:01 [error] [exception.CHttpException.404] exception 'CHttpException' with message 'Unable to resolve the request "user".' in /home/polysciadmin/politicalsimplicity.com/public/yii_framework/framework/web/CWebApplication.php:286
Stack trace:
#0 /home/polysciadmin/politicalsimplicity.com/public/yii_framework/framework/web/CWebApplication.php(141): CWebApplication->runController('user')
#1 /home/polysciadmin/politicalsimplicity.com/public/yii_framework/framework/base/CApplication.php(180): CWebApplication->processRequest()
#2 /home/polysciadmin/politicalsimplicity.com/public/research/index.php(13): CApplication->run()
#3 {main}
REQUEST_URI=/research/index.php?r=user
---
2013/09/29 17:54:05 [error] [exception.CHttpException.404] exception 'CHttpException' with message 'Unable to resolve the request "USERS".' in /home/polysciadmin/politicalsimplicity.com/public/yii_framework/framework/web/CWebApplication.php:286
Stack trace:
#0 /home/polysciadmin/politicalsimplicity.com/public/yii_framework/framework/web/CWebApplication.php(141): CWebApplication->runController('USERS')
#1 /home/polysciadmin/politicalsimplicity.com/public/yii_framework/framework/base/CApplication.php(180): CWebApplication->processRequest()
#2 /home/polysciadmin/politicalsimplicity.com/public/research/index.php(13): CApplication->run()
#3 {main}
REQUEST_URI=/research/index.php?r=USERS
---
2013/09/29 17:57:08 [error] [php] include(User.php) [<a href='function.include'>function.include</a>]: failed to open stream: No such file or directory (/home/polysciadmin/politicalsimplicity.com/public/yii_framework/framework/YiiBase.php:427)
Stack trace:
#0 /home/polysciadmin/politicalsimplicity.com/public/research/protected/models/LoginForm.php(49): spl_autoload_call()
#1 /home/polysciadmin/politicalsimplicity.com/public/yii_framework/framework/validators/CInlineValidator.php(42): LoginForm->authenticate()
#2 /home/polysciadmin/politicalsimplicity.com/public/yii_framework/framework/validators/CValidator.php(213): CInlineValidator->validateAttribute()
#3 /home/polysciadmin/politicalsimplicity.com/public/yii_framework/framework/base/CModel.php(159): CInlineValidator->validate()
#4 /home/polysciadmin/politicalsimplicity.com/public/research/protected/controllers/SiteController.php(94): LoginForm->validate()
#5 /home/polysciadmin/politicalsimplicity.com/public/yii_framework/framework/web/actions/CInlineAction.php(49): SiteController->actionLogin()
#6 /home/polysciadmin/politicalsimplicity.com/public/yii_framework/framework/web/CController.php(308): CInlineAction->runWithParams()
#7 /home/polysciadmin/politicalsimplicity.com/public/yii_framework/framework/web/CController.php(286): SiteController->runAction()
#8 /home/polysciadmin/politicalsimplicity.com/public/yii_framework/framework/web/CController.php(265): SiteController->runActionWithFilters()
#9 /home/polysciadmin/politicalsimplicity.com/public/yii_framework/framework/web/CWebApplication.php(282): SiteController->run()
#10 /home/polysciadmin/politicalsimplicity.com/public/yii_framework/framework/web/CWebApplication.php(141): CWebApplication->runController()
#11 /home/polysciadmin/politicalsimplicity.com/public/yii_framework/framework/base/CApplication.php(180): CWebApplication->processRequest()
#12 /home/polysciadmin/politicalsimplicity.com/public/research/index.php(13): CWebApplication->run()
REQUEST_URI=/research/index.php?r=site/login
in /home/polysciadmin/politicalsimplicity.com/public/research/protected/models/LoginForm.php (49)
in /home/polysciadmin/politicalsimplicity.com/public/research/protected/controllers/SiteController.php (94)
in /home/polysciadmin/politicalsimplicity.com/public/research/index.php (13)
2013/09/29 17:58:28 [error] [exception.CException] exception 'CException' with message 'Property "LoginForm.errorCode" is not defined.' in /home/polysciadmin/politicalsimplicity.com/public/yii_framework/framework/base/CComponent.php:130
Stack trace:
#0 /home/polysciadmin/politicalsimplicity.com/public/research/protected/models/LoginForm.php(61): CComponent->__get('errorCode')
#1 /home/polysciadmin/politicalsimplicity.com/public/yii_framework/framework/validators/CInlineValidator.php(42): LoginForm->authenticate('password', Array)
#2 /home/polysciadmin/politicalsimplicity.com/public/yii_framework/framework/validators/CValidator.php(213): CInlineValidator->validateAttribute(Object(LoginForm), 'password')
#3 /home/polysciadmin/politicalsimplicity.com/public/yii_framework/framework/base/CModel.php(159): CValidator->validate(Object(LoginForm), NULL)
#4 /home/polysciadmin/politicalsimplicity.com/public/research/protected/controllers/SiteController.php(94): CModel->validate()
#5 /home/polysciadmin/politicalsimplicity.com/public/yii_framework/framework/web/actions/CInlineAction.php(49): SiteController->actionLogin()
#6 /home/polysciadmin/politicalsimplicity.com/public/yii_framework/framework/web/CController.php(308): CInlineAction->runWithParams(Array)
#7 /home/polysciadmin/politicalsimplicity.com/public/yii_framework/framework/web/CController.php(286): CController->runAction(Object(CInlineAction))
#8 /home/polysciadmin/politicalsimplicity.com/public/yii_framework/framework/web/CController.php(265): CController->runActionWithFilters(Object(CInlineAction), Array)
#9 /home/polysciadmin/politicalsimplicity.com/public/yii_framework/framework/web/CWebApplication.php(282): CController->run('login')
#10 /home/polysciadmin/politicalsimplicity.com/public/yii_framework/framework/web/CWebApplication.php(141): CWebApplication->runController('site/login')
#11 /home/polysciadmin/politicalsimplicity.com/public/yii_framework/framework/base/CApplication.php(180): CWebApplication->processRequest()
#12 /home/polysciadmin/politicalsimplicity.com/public/research/index.php(13): CApplication->run()
#13 {main}
REQUEST_URI=/research/index.php?r=site/login
HTTP_REFERER=http://www.politicalsimplicity.com/research/index.php?r=site/login
---
2013/09/29 18:11:34 [error] [exception.CException] exception 'CException' with message 'Property "Users.title" is not defined.' in /home/polysciadmin/politicalsimplicity.com/public/yii_framework/framework/base/CComponent.php:130
Stack trace:
#0 /home/polysciadmin/politicalsimplicity.com/public/yii_framework/framework/db/ar/CActiveRecord.php(145): CComponent->__get('title')
#1 /home/polysciadmin/politicalsimplicity.com/public/research/protected/components/UserIdentity.php(21): CActiveRecord->__get('title')
#2 /home/polysciadmin/politicalsimplicity.com/public/research/protected/models/LoginForm.php(50): UserIdentity->authenticate()
#3 /home/polysciadmin/politicalsimplicity.com/public/yii_framework/framework/validators/CInlineValidator.php(42): LoginForm->authenticate('password', Array)
#4 /home/polysciadmin/politicalsimplicity.com/public/yii_framework/framework/validators/CValidator.php(213): CInlineValidator->validateAttribute(Object(LoginForm), 'password')
#5 /home/polysciadmin/politicalsimplicity.com/public/yii_framework/framework/base/CModel.php(159): CValidator->validate(Object(LoginForm), NULL)
#6 /home/polysciadmin/politicalsimplicity.com/public/research/protected/controllers/SiteController.php(94): CModel->validate()
#7 /home/polysciadmin/politicalsimplicity.com/public/yii_framework/framework/web/actions/CInlineAction.php(49): SiteController->actionLogin()
#8 /home/polysciadmin/politicalsimplicity.com/public/yii_framework/framework/web/CController.php(308): CInlineAction->runWithParams(Array)
#9 /home/polysciadmin/politicalsimplicity.com/public/yii_framework/framework/web/CController.php(286): CController->runAction(Object(CInlineAction))
#10 /home/polysciadmin/politicalsimplicity.com/public/yii_framework/framework/web/CController.php(265): CController->runActionWithFilters(Object(CInlineAction), Array)
#11 /home/polysciadmin/politicalsimplicity.com/public/yii_framework/framework/web/CWebApplication.php(282): CController->run('login')
#12 /home/polysciadmin/politicalsimplicity.com/public/yii_framework/framework/web/CWebApplication.php(141): CWebApplication->runController('site/login')
#13 /home/polysciadmin/politicalsimplicity.com/public/yii_framework/framework/base/CApplication.php(180): CWebApplication->processRequest()
#14 /home/polysciadmin/politicalsimplicity.com/public/research/index.php(13): CApplication->run()
#15 {main}
REQUEST_URI=/research/index.php?r=site/login
HTTP_REFERER=http://www.politicalsimplicity.com/research/index.php?r=site/login
---
2013/09/29 18:11:51 [error] [exception.CException] exception 'CException' with message 'Property "Users.title" is not defined.' in /home/polysciadmin/politicalsimplicity.com/public/yii_framework/framework/base/CComponent.php:130
Stack trace:
#0 /home/polysciadmin/politicalsimplicity.com/public/yii_framework/framework/db/ar/CActiveRecord.php(145): CComponent->__get('title')
#1 /home/polysciadmin/politicalsimplicity.com/public/research/protected/components/UserIdentity.php(21): CActiveRecord->__get('title')
#2 /home/polysciadmin/politicalsimplicity.com/public/research/protected/models/LoginForm.php(50): UserIdentity->authenticate()
#3 /home/polysciadmin/politicalsimplicity.com/public/yii_framework/framework/validators/CInlineValidator.php(42): LoginForm->authenticate('password', Array)
#4 /home/polysciadmin/politicalsimplicity.com/public/yii_framework/framework/validators/CValidator.php(213): CInlineValidator->validateAttribute(Object(LoginForm), 'password')
#5 /home/polysciadmin/politicalsimplicity.com/public/yii_framework/framework/base/CModel.php(159): CValidator->validate(Object(LoginForm), NULL)
#6 /home/polysciadmin/politicalsimplicity.com/public/research/protected/controllers/SiteController.php(94): CModel->validate()
#7 /home/polysciadmin/politicalsimplicity.com/public/yii_framework/framework/web/actions/CInlineAction.php(49): SiteController->actionLogin()
#8 /home/polysciadmin/politicalsimplicity.com/public/yii_framework/framework/web/CController.php(308): CInlineAction->runWithParams(Array)
#9 /home/polysciadmin/politicalsimplicity.com/public/yii_framework/framework/web/CController.php(286): CController->runAction(Object(CInlineAction))
#10 /home/polysciadmin/politicalsimplicity.com/public/yii_framework/framework/web/CController.php(265): CController->runActionWithFilters(Object(CInlineAction), Array)
#11 /home/polysciadmin/politicalsimplicity.com/public/yii_framework/framework/web/CWebApplication.php(282): CController->run('login')
#12 /home/polysciadmin/politicalsimplicity.com/public/yii_framework/framework/web/CWebApplication.php(141): CWebApplication->runController('site/login')
#13 /home/polysciadmin/politicalsimplicity.com/public/yii_framework/framework/base/CApplication.php(180): CWebApplication->processRequest()
#14 /home/polysciadmin/politicalsimplicity.com/public/research/index.php(13): CApplication->run()
#15 {main}
REQUEST_URI=/research/index.php?r=site/login
HTTP_REFERER=http://www.politicalsimplicity.com/research/index.php?r=site/login
---
2013/09/29 18:17:35 [error] [exception.CHttpException.403] exception 'CHttpException' with message 'You are not authorized to perform this action.' in /home/polysciadmin/politicalsimplicity.com/public/yii_framework/framework/web/auth/CAccessControlFilter.php:182
Stack trace:
#0 /home/polysciadmin/politicalsimplicity.com/public/yii_framework/framework/web/auth/CAccessControlFilter.php(145): CAccessControlFilter->accessDenied(Object(CWebUser), 'You are not aut...')
#1 /home/polysciadmin/politicalsimplicity.com/public/yii_framework/framework/web/filters/CFilter.php(38): CAccessControlFilter->preFilter(Object(CFilterChain))
#2 /home/polysciadmin/politicalsimplicity.com/public/yii_framework/framework/web/CController.php(1145): CFilter->filter(Object(CFilterChain))
#3 /home/polysciadmin/politicalsimplicity.com/public/yii_framework/framework/web/filters/CInlineFilter.php(58): CController->filterAccessControl(Object(CFilterChain))
#4 /home/polysciadmin/politicalsimplicity.com/public/yii_framework/framework/web/filters/CFilterChain.php(130): CInlineFilter->filter(Object(CFilterChain))
#5 /home/polysciadmin/politicalsimplicity.com/public/yii_framework/framework/web/CController.php(291): CFilterChain->run()
#6 /home/polysciadmin/politicalsimplicity.com/public/yii_framework/framework/web/CController.php(265): CController->runActionWithFilters(Object(CInlineAction), Array)
#7 /home/polysciadmin/politicalsimplicity.com/public/yii_framework/framework/web/CWebApplication.php(282): CController->run('admin')
#8 /home/polysciadmin/politicalsimplicity.com/public/yii_framework/framework/web/CWebApplication.php(141): CWebApplication->runController('users/admin')
#9 /home/polysciadmin/politicalsimplicity.com/public/yii_framework/framework/base/CApplication.php(180): CWebApplication->processRequest()
#10 /home/polysciadmin/politicalsimplicity.com/public/research/index.php(13): CApplication->run()
#11 {main}
REQUEST_URI=/research/index.php?r=users/admin
HTTP_REFERER=http://www.politicalsimplicity.com/research/index.php?r=site/login
---
2013/09/29 18:20:23 [error] [exception.CHttpException.403] exception 'CHttpException' with message 'You are not authorized to perform this action.' in /home/polysciadmin/politicalsimplicity.com/public/yii_framework/framework/web/auth/CAccessControlFilter.php:182
Stack trace:
#0 /home/polysciadmin/politicalsimplicity.com/public/yii_framework/framework/web/auth/CAccessControlFilter.php(145): CAccessControlFilter->accessDenied(Object(CWebUser), 'You are not aut...')
#1 /home/polysciadmin/politicalsimplicity.com/public/yii_framework/framework/web/filters/CFilter.php(38): CAccessControlFilter->preFilter(Object(CFilterChain))
#2 /home/polysciadmin/politicalsimplicity.com/public/yii_framework/framework/web/CController.php(1145): CFilter->filter(Object(CFilterChain))
#3 /home/polysciadmin/politicalsimplicity.com/public/yii_framework/framework/web/filters/CInlineFilter.php(58): CController->filterAccessControl(Object(CFilterChain))
#4 /home/polysciadmin/politicalsimplicity.com/public/yii_framework/framework/web/filters/CFilterChain.php(130): CInlineFilter->filter(Object(CFilterChain))
#5 /home/polysciadmin/politicalsimplicity.com/public/yii_framework/framework/web/CController.php(291): CFilterChain->run()
#6 /home/polysciadmin/politicalsimplicity.com/public/yii_framework/framework/web/CController.php(265): CController->runActionWithFilters(Object(CInlineAction), Array)
#7 /home/polysciadmin/politicalsimplicity.com/public/yii_framework/framework/web/CWebApplication.php(282): CController->run('admin')
#8 /home/polysciadmin/politicalsimplicity.com/public/yii_framework/framework/web/CWebApplication.php(141): CWebApplication->runController('users/admin')
#9 /home/polysciadmin/politicalsimplicity.com/public/yii_framework/framework/base/CApplication.php(180): CWebApplication->processRequest()
#10 /home/polysciadmin/politicalsimplicity.com/public/research/index.php(13): CApplication->run()
#11 {main}
REQUEST_URI=/research/index.php?r=users/admin
HTTP_REFERER=http://www.politicalsimplicity.com/research/index.php?r=users
---
2013/09/29 18:30:19 [error] [exception.CHttpException.403] exception 'CHttpException' with message 'You are not authorized to perform this action.' in /home/polysciadmin/politicalsimplicity.com/public/yii_framework/framework/web/auth/CAccessControlFilter.php:182
Stack trace:
#0 /home/polysciadmin/politicalsimplicity.com/public/yii_framework/framework/web/auth/CAccessControlFilter.php(145): CAccessControlFilter->accessDenied(Object(CWebUser), 'You are not aut...')
#1 /home/polysciadmin/politicalsimplicity.com/public/yii_framework/framework/web/filters/CFilter.php(38): CAccessControlFilter->preFilter(Object(CFilterChain))
#2 /home/polysciadmin/politicalsimplicity.com/public/yii_framework/framework/web/CController.php(1145): CFilter->filter(Object(CFilterChain))
#3 /home/polysciadmin/politicalsimplicity.com/public/yii_framework/framework/web/filters/CInlineFilter.php(58): CController->filterAccessControl(Object(CFilterChain))
#4 /home/polysciadmin/politicalsimplicity.com/public/yii_framework/framework/web/filters/CFilterChain.php(130): CInlineFilter->filter(Object(CFilterChain))
#5 /home/polysciadmin/politicalsimplicity.com/public/yii_framework/framework/web/CController.php(291): CFilterChain->run()
#6 /home/polysciadmin/politicalsimplicity.com/public/yii_framework/framework/web/CController.php(265): CController->runActionWithFilters(Object(CInlineAction), Array)
#7 /home/polysciadmin/politicalsimplicity.com/public/yii_framework/framework/web/CWebApplication.php(282): CController->run('admin')
#8 /home/polysciadmin/politicalsimplicity.com/public/yii_framework/framework/web/CWebApplication.php(141): CWebApplication->runController('users/admin')
#9 /home/polysciadmin/politicalsimplicity.com/public/yii_framework/framework/base/CApplication.php(180): CWebApplication->processRequest()
#10 /home/polysciadmin/politicalsimplicity.com/public/research/index.php(13): CApplication->run()
#11 {main}
REQUEST_URI=/research/index.php?r=users/admin
HTTP_REFERER=http://www.politicalsimplicity.com/research/index.php?r=users
---
2013/09/29 18:30:40 [error] [exception.CHttpException.403] exception 'CHttpException' with message 'You are not authorized to perform this action.' in /home/polysciadmin/politicalsimplicity.com/public/yii_framework/framework/web/auth/CAccessControlFilter.php:182
Stack trace:
#0 /home/polysciadmin/politicalsimplicity.com/public/yii_framework/framework/web/auth/CAccessControlFilter.php(145): CAccessControlFilter->accessDenied(Object(CWebUser), 'You are not aut...')
#1 /home/polysciadmin/politicalsimplicity.com/public/yii_framework/framework/web/filters/CFilter.php(38): CAccessControlFilter->preFilter(Object(CFilterChain))
#2 /home/polysciadmin/politicalsimplicity.com/public/yii_framework/framework/web/CController.php(1145): CFilter->filter(Object(CFilterChain))
#3 /home/polysciadmin/politicalsimplicity.com/public/yii_framework/framework/web/filters/CInlineFilter.php(58): CController->filterAccessControl(Object(CFilterChain))
#4 /home/polysciadmin/politicalsimplicity.com/public/yii_framework/framework/web/filters/CFilterChain.php(130): CInlineFilter->filter(Object(CFilterChain))
#5 /home/polysciadmin/politicalsimplicity.com/public/yii_framework/framework/web/CController.php(291): CFilterChain->run()
#6 /home/polysciadmin/politicalsimplicity.com/public/yii_framework/framework/web/CController.php(265): CController->runActionWithFilters(Object(CInlineAction), Array)
#7 /home/polysciadmin/politicalsimplicity.com/public/yii_framework/framework/web/CWebApplication.php(282): CController->run('admin')
#8 /home/polysciadmin/politicalsimplicity.com/public/yii_framework/framework/web/CWebApplication.php(141): CWebApplication->runController('users/admin')
#9 /home/polysciadmin/politicalsimplicity.com/public/yii_framework/framework/base/CApplication.php(180): CWebApplication->processRequest()
#10 /home/polysciadmin/politicalsimplicity.com/public/research/index.php(13): CApplication->run()
#11 {main}
REQUEST_URI=/research/index.php?r=users/admin
HTTP_REFERER=http://www.politicalsimplicity.com/research/index.php?r=users/view&id=3
---
2013/09/29 18:52:46 [error] [exception.CException] exception 'CException' with message 'Property "CWebApplication.authManager" is read only.' in /home/polysciadmin/politicalsimplicity.com/public/yii_framework/framework/base/CComponent.php:170
Stack trace:
#0 /home/polysciadmin/politicalsimplicity.com/public/yii_framework/framework/base/CModule.php(513): CComponent->__set('authManager', Array)
#1 /home/polysciadmin/politicalsimplicity.com/public/yii_framework/framework/base/CApplication.php(161): CModule->configure(Array)
#2 /home/polysciadmin/politicalsimplicity.com/public/yii_framework/framework/YiiBase.php(125): CApplication->__construct(Array)
#3 /home/polysciadmin/politicalsimplicity.com/public/yii_framework/framework/YiiBase.php(98): YiiBase::createApplication('CWebApplication', Array)
#4 /home/polysciadmin/politicalsimplicity.com/public/yii_framework/framework/cli/commands/ShellCommand.php(88): YiiBase::createWebApplication(Array)
#5 /home/polysciadmin/politicalsimplicity.com/public/yii_framework/framework/console/CConsoleCommandRunner.php(71): ShellCommand->run(Array)
#6 /home/polysciadmin/politicalsimplicity.com/public/yii_framework/framework/console/CConsoleApplication.php(92): CConsoleCommandRunner->run(Array)
#7 /home/polysciadmin/politicalsimplicity.com/public/yii_framework/framework/base/CApplication.php(180): CConsoleApplication->processRequest()
#8 /home/polysciadmin/politicalsimplicity.com/public/yii_framework/framework/yiic.php(33): CApplication->run()
#9 /home/polysciadmin/politicalsimplicity.com/public/research/protected/yiic.php(7): require_once('/home/polysciad...')
#10 {main}
REQUEST_URI=/index.php
---
2013/09/29 18:54:09 [error] [exception.CException] exception 'CException' with message 'Property "CWebApplication.authManager" is read only.' in /home/polysciadmin/politicalsimplicity.com/public/yii_framework/framework/base/CComponent.php:170
Stack trace:
#0 /home/polysciadmin/politicalsimplicity.com/public/yii_framework/framework/base/CModule.php(513): CComponent->__set('authManager', Array)
#1 /home/polysciadmin/politicalsimplicity.com/public/yii_framework/framework/base/CApplication.php(161): CModule->configure(Array)
#2 /home/polysciadmin/politicalsimplicity.com/public/yii_framework/framework/YiiBase.php(125): CApplication->__construct(Array)
#3 /home/polysciadmin/politicalsimplicity.com/public/yii_framework/framework/YiiBase.php(98): YiiBase::createApplication('CWebApplication', Array)
#4 /home/polysciadmin/politicalsimplicity.com/public/yii_framework/framework/cli/commands/ShellCommand.php(88): YiiBase::createWebApplication(Array)
#5 /home/polysciadmin/politicalsimplicity.com/public/yii_framework/framework/console/CConsoleCommandRunner.php(71): ShellCommand->run(Array)
#6 /home/polysciadmin/politicalsimplicity.com/public/yii_framework/framework/console/CConsoleApplication.php(92): CConsoleCommandRunner->run(Array)
#7 /home/polysciadmin/politicalsimplicity.com/public/yii_framework/framework/base/CApplication.php(180): CConsoleApplication->processRequest()
#8 /home/polysciadmin/politicalsimplicity.com/public/yii_framework/framework/yiic.php(33): CApplication->run()
#9 /home/polysciadmin/politicalsimplicity.com/public/research/protected/yiic.php(7): require_once('/home/polysciad...')
#10 /home/polysciadmin/politicalsimplicity.com/public/research/protected/yiic(4): require_once('/home/polysciad...')
#11 {main}
REQUEST_URI=/index.php
---
2013/09/29 18:54:46 [error] [exception.CException] exception 'CException' with message 'Property "CWebApplication.authManager" is read only.' in /home/polysciadmin/politicalsimplicity.com/public/yii_framework/framework/base/CComponent.php:170
Stack trace:
#0 /home/polysciadmin/politicalsimplicity.com/public/yii_framework/framework/base/CModule.php(513): CComponent->__set('authManager', Array)
#1 /home/polysciadmin/politicalsimplicity.com/public/yii_framework/framework/base/CApplication.php(161): CModule->configure(Array)
#2 /home/polysciadmin/politicalsimplicity.com/public/yii_framework/framework/YiiBase.php(125): CApplication->__construct(Array)
#3 /home/polysciadmin/politicalsimplicity.com/public/yii_framework/framework/YiiBase.php(98): YiiBase::createApplication('CWebApplication', Array)
#4 /home/polysciadmin/politicalsimplicity.com/public/yii_framework/framework/cli/commands/ShellCommand.php(88): YiiBase::createWebApplication(Array)
#5 /home/polysciadmin/politicalsimplicity.com/public/yii_framework/framework/console/CConsoleCommandRunner.php(71): ShellCommand->run(Array)
#6 /home/polysciadmin/politicalsimplicity.com/public/yii_framework/framework/console/CConsoleApplication.php(92): CConsoleCommandRunner->run(Array)
#7 /home/polysciadmin/politicalsimplicity.com/public/yii_framework/framework/base/CApplication.php(180): CConsoleApplication->processRequest()
#8 /home/polysciadmin/politicalsimplicity.com/public/yii_framework/framework/yiic.php(33): CApplication->run()
#9 /home/polysciadmin/politicalsimplicity.com/public/research/protected/yiic.php(7): require_once('/home/polysciad...')
#10 /home/polysciadmin/politicalsimplicity.com/public/research/protected/yiic(4): require_once('/home/polysciad...')
#11 {main}
REQUEST_URI=/index.php
---
2013/09/29 19:01:51 [error] [exception.CHttpException.403] exception 'CHttpException' with message 'You are not authorized to perform this action.' in /home/polysciadmin/politicalsimplicity.com/public/yii_framework/framework/web/auth/CAccessControlFilter.php:182
Stack trace:
#0 /home/polysciadmin/politicalsimplicity.com/public/yii_framework/framework/web/auth/CAccessControlFilter.php(145): CAccessControlFilter->accessDenied(Object(CWebUser), 'You are not aut...')
#1 /home/polysciadmin/politicalsimplicity.com/public/yii_framework/framework/web/filters/CFilter.php(38): CAccessControlFilter->preFilter(Object(CFilterChain))
#2 /home/polysciadmin/politicalsimplicity.com/public/yii_framework/framework/web/CController.php(1145): CFilter->filter(Object(CFilterChain))
#3 /home/polysciadmin/politicalsimplicity.com/public/yii_framework/framework/web/filters/CInlineFilter.php(58): CController->filterAccessControl(Object(CFilterChain))
#4 /home/polysciadmin/politicalsimplicity.com/public/yii_framework/framework/web/filters/CFilterChain.php(130): CInlineFilter->filter(Object(CFilterChain))
#5 /home/polysciadmin/politicalsimplicity.com/public/yii_framework/framework/web/CController.php(291): CFilterChain->run()
#6 /home/polysciadmin/politicalsimplicity.com/public/yii_framework/framework/web/CController.php(265): CController->runActionWithFilters(Object(CInlineAction), Array)
#7 /home/polysciadmin/politicalsimplicity.com/public/yii_framework/framework/web/CWebApplication.php(282): CController->run('admin')
#8 /home/polysciadmin/politicalsimplicity.com/public/yii_framework/framework/web/CWebApplication.php(141): CWebApplication->runController('users/admin')
#9 /home/polysciadmin/politicalsimplicity.com/public/yii_framework/framework/base/CApplication.php(180): CWebApplication->processRequest()
#10 /home/polysciadmin/politicalsimplicity.com/public/research/index.php(13): CApplication->run()
#11 {main}
REQUEST_URI=/research/index.php?r=users/admin
HTTP_REFERER=http://www.politicalsimplicity.com/research/index.php?r=users/index
---
